mode: set
go-readlist/internal/entities/category.go:16.54,17.18 1 1
go-readlist/internal/entities/category.go:18.15,19.13 1 1
go-readlist/internal/entities/category.go:20.14,21.12 1 1
go-readlist/internal/entities/category.go:22.18,23.16 1 1
go-readlist/internal/entities/category.go:24.10,25.45 1 0
go-readlist/internal/entities/category.go:28.2,28.12 1 1
go-readlist/internal/entities/category.go:31.34,32.12 1 0
go-readlist/internal/entities/category.go:33.13,34.17 1 0
go-readlist/internal/entities/category.go:35.12,36.16 1 0
go-readlist/internal/entities/category.go:37.10,38.20 1 0
go-readlist/internal/entities/category.go:42.53,46.16 3 1
go-readlist/internal/entities/category.go:46.16,48.3 1 0
go-readlist/internal/entities/category.go:50.2,50.31 1 1
go-readlist/internal/entities/read_status.go:16.59,17.15 1 0
go-readlist/internal/entities/read_status.go:18.20,19.18 1 0
go-readlist/internal/entities/read_status.go:20.20,21.18 1 0
go-readlist/internal/entities/read_status.go:22.19,23.17 1 0
go-readlist/internal/entities/read_status.go:24.10,25.56 1 0
go-readlist/internal/entities/read_status.go:28.2,28.12 1 0
go-readlist/internal/entities/read_status.go:31.38,32.12 1 0
go-readlist/internal/entities/read_status.go:33.18,34.22 1 0
go-readlist/internal/entities/read_status.go:35.18,36.22 1 0
go-readlist/internal/entities/read_status.go:37.10,38.21 1 0
go-readlist/internal/entities/read_status.go:42.57,46.16 3 0
go-readlist/internal/entities/read_status.go:46.16,48.3 1 0
go-readlist/internal/entities/read_status.go:50.2,50.32 1 0
go-readlist/internal/entities/title.go:9.54,14.2 1 0
go-readlist/internal/entities/week.go:24.47,25.13 1 1
go-readlist/internal/entities/week.go:26.16,27.14 1 1
go-readlist/internal/entities/week.go:28.16,29.14 1 1
go-readlist/internal/entities/week.go:30.17,31.15 1 1
go-readlist/internal/entities/week.go:32.19,33.17 1 1
go-readlist/internal/entities/week.go:34.18,35.16 1 1
go-readlist/internal/entities/week.go:36.16,37.14 1 1
go-readlist/internal/entities/week.go:38.18,39.16 1 1
go-readlist/internal/entities/week.go:40.10,41.24 1 1
go-readlist/internal/entities/week.go:44.2,44.12 1 1
go-readlist/internal/entities/week.go:47.33,48.12 1 1
go-readlist/internal/entities/week.go:49.14,50.18 1 1
go-readlist/internal/entities/week.go:51.14,52.18 1 1
go-readlist/internal/entities/week.go:53.15,54.19 1 1
go-readlist/internal/entities/week.go:55.17,56.21 1 1
go-readlist/internal/entities/week.go:57.16,58.20 1 1
go-readlist/internal/entities/week.go:59.14,60.18 1 1
go-readlist/internal/entities/week.go:61.10,62.20 1 1
go-readlist/internal/entities/week.go:66.52,70.16 3 1
go-readlist/internal/entities/week.go:70.16,72.3 1 1
go-readlist/internal/entities/week.go:74.2,74.25 1 1
